[debug] ----------------------------------------------------------------------
[debug] Command:      node C:\Users\richardhamilton\AppData\Roaming\npm\node_modules\firebase-tools\bin\firebase deploy
[debug] Platform:     win32
[debug] Node Version: v0.12.5
[debug] Time:         Thu Jan 28 2016 11:33:46 GMT-0600 (Central Standard Time)
[debug] ----------------------------------------------------------------------
[debug] 
[debug] >>> HTTP REQUEST GET https://admin.firebase.com/firebase/shapes-game/token?token=XXX 
[debug] Error: read ECONNRESET
    at exports._errnoException (util.js:746:11)
    at TCP.onread (net.js:559:26)
[error] 
[error] Error: Server Error. Please try again in a few minutes.
[debug] Error Context: {
  "requestOptions": {
    "method": "GET",
    "json": true,
    "url": "https://admin.firebase.com/firebase/shapes-game/token?token=-JTgGVssKR2aGV4h2xdS%7Cbae613305d7c8ebcf1f43d7448083b26"
  }
}
